{
  "stats": {
    "suites": 3,
    "tests": 9,
    "passes": 9,
    "pending": 0,
    "failures": 0,
    "start": "2023-09-12T19:16:44.650Z",
    "end": "2023-09-12T19:16:49.225Z",
    "duration": 4575,
    "testsRegistered": 9,
    "passPercent": 100,
    "pendingPercent": 0,
    "other": 0,
    "hasOther": false,
    "skipped": 0,
    "hasSkipped": false
  },
  "results": [
    {
      "uuid": "ab6e762d-33ad-4c06-8e6e-87e746c5edb6",
      "title": "",
      "fullFile": "cypress/e2e/2-advanced-examples/assertions.cy.ts",
      "file": "cypress/e2e/2-advanced-examples/assertions.cy.ts",
      "beforeHooks": [],
      "afterHooks": [],
      "tests": [],
      "suites": [
        {
          "uuid": "a53d981f-23c8-426e-a501-219ccf2fe121",
          "title": "Assertions",
          "fullFile": "",
          "file": "",
          "beforeHooks": [],
          "afterHooks": [],
          "tests": [],
          "suites": [
            {
              "uuid": "7382552c-21b9-4d34-9f6f-47ea8b74fe89",
              "title": "Implicit Assertions",
              "fullFile": "",
              "file": "",
              "beforeHooks": [],
              "afterHooks": [],
              "tests": [
                {
                  "title": ".should() - make an assertion about the current subject",
                  "fullTitle": "Assertions Implicit Assertions .should() - make an assertion about the current subject",
                  "timedOut": null,
                  "duration": 499,
                  "state": "passed",
                  "speed": "fast",
                  "pass": true,
                  "fail": false,
                  "pending": false,
                  "context": null,
                  "code": "// https://on.cypress.io/should\ncy.get('.assertion-table')\n    .find('tbody tr:last')\n    .should('have.class', 'success')\n    .find('td')\n    .first()\n    // checking the text of the <td> element in various ways\n    .should('have.text', 'Column content')\n    .should('contain', 'Column content')\n    .should('have.html', 'Column content')\n    // chai-jquery uses \"is()\" to check if element matches selector\n    .should('match', 'td')\n    // to match text content against a regular expression\n    // first need to invoke jQuery method text()\n    // and then match using regular expression\n    .invoke('text')\n    .should('match', /column content/i);\n// a better way to check element's text content against a regular expression\n// is to use \"cy.contains\"\n// https://on.cypress.io/contains\ncy.get('.assertion-table')\n    .find('tbody tr:last')\n    // finds first <td> element with text content matching regular expression\n    .contains('td', /column content/i)\n    .should('be.visible');\n// for more information about asserting element's text\n// see https://on.cypress.io/using-cypress-faq#How-do-I-get-an-element’s-text-contents",
                  "err": {},
                  "uuid": "583ca176-e9f9-4e3b-850a-18cf712b08b6",
                  "parentUUID": "7382552c-21b9-4d34-9f6f-47ea8b74fe89",
                  "isHook": false,
                  "skipped": false
                },
                {
                  "title": ".and() - chain multiple assertions together",
                  "fullTitle": "Assertions Implicit Assertions .and() - chain multiple assertions together",
                  "timedOut": null,
                  "duration": 175,
                  "state": "passed",
                  "speed": "fast",
                  "pass": true,
                  "fail": false,
                  "pending": false,
                  "context": null,
                  "code": "// https://on.cypress.io/and\ncy.get('.assertions-link')\n    .should('have.class', 'active')\n    .and('have.attr', 'href')\n    .and('include', 'cypress.io');",
                  "err": {},
                  "uuid": "6bea2a96-aee8-4643-a147-67ffc535704b",
                  "parentUUID": "7382552c-21b9-4d34-9f6f-47ea8b74fe89",
                  "isHook": false,
                  "skipped": false
                }
              ],
              "suites": [],
              "passes": [
                "583ca176-e9f9-4e3b-850a-18cf712b08b6",
                "6bea2a96-aee8-4643-a147-67ffc535704b"
              ],
              "failures": [],
              "pending": [],
              "skipped": [],
              "duration": 674,
              "root": false,
              "rootEmpty": false,
              "_timeout": 2000
            },
            {
              "uuid": "14f345c6-cb52-4848-b44c-7e9b8449536b",
              "title": "Explicit Assertions",
              "fullFile": "",
              "file": "",
              "beforeHooks": [],
              "afterHooks": [],
              "tests": [
                {
                  "title": "expect - make an assertion about a specified subject",
                  "fullTitle": "Assertions Explicit Assertions expect - make an assertion about a specified subject",
                  "timedOut": null,
                  "duration": 179,
                  "state": "passed",
                  "speed": "fast",
                  "pass": true,
                  "fail": false,
                  "pending": false,
                  "context": null,
                  "code": "// We can use Chai's BDD style assertions\nexpect(true).to.be.true;\nconst o = { foo: 'bar' };\nexpect(o).to.equal(o);\nexpect(o).to.deep.equal({ foo: 'bar' });\n// matching text using regular expression\nexpect('FooBar').to.match(/bar$/i);",
                  "err": {},
                  "uuid": "04aaaf83-aa54-4725-bfbd-75e3fc28f87b",
                  "parentUUID": "14f345c6-cb52-4848-b44c-7e9b8449536b",
                  "isHook": false,
                  "skipped": false
                },
                {
                  "title": "pass your own callback function to should()",
                  "fullTitle": "Assertions Explicit Assertions pass your own callback function to should()",
                  "timedOut": null,
                  "duration": 177,
                  "state": "passed",
                  "speed": "fast",
                  "pass": true,
                  "fail": false,
                  "pending": false,
                  "context": null,
                  "code": "// Pass a function to should that can have any number\n// of explicit assertions within it.\n// The \".should(cb)\" function will be retried\n// automatically until it passes all your explicit assertions or times out.\ncy.get('.assertions-p')\n    .find('p')\n    .should(($p) => {\n    // https://on.cypress.io/$\n    // return an array of texts from all of the p's\n    const texts = $p.map((i, el) => Cypress.$(el).text());\n    // jquery map returns jquery object\n    // and .get() convert this to simple array\n    const paragraphs = texts.get();\n    // array should have length of 3\n    expect(paragraphs, 'has 3 paragraphs').to.have.length(3);\n    // use second argument to expect(...) to provide clear\n    // message with each assertion\n    expect(paragraphs, 'has expected text in each paragraph').to.deep.eq([\n        'Some text from first p',\n        'More text from second p',\n        'And even more text from third p',\n    ]);\n});",
                  "err": {},
                  "uuid": "6adf4ac4-3d5b-4833-b191-60920c210756",
                  "parentUUID": "14f345c6-cb52-4848-b44c-7e9b8449536b",
                  "isHook": false,
                  "skipped": false
                },
                {
                  "title": "finds element by class name regex",
                  "fullTitle": "Assertions Explicit Assertions finds element by class name regex",
                  "timedOut": null,
                  "duration": 162,
                  "state": "passed",
                  "speed": "fast",
                  "pass": true,
                  "fail": false,
                  "pending": false,
                  "context": null,
                  "code": "cy.get('.docs-header')\n    .find('div')\n    // .should(cb) callback function will be retried\n    .should(($div) => {\n    expect($div).to.have.length(1);\n    const className = $div[0].className;\n    expect(className).to.match(/heading-/);\n})\n    // .then(cb) callback is not retried,\n    // it either passes or fails\n    .then(($div) => {\n    expect($div, 'text content').to.have.text('Introduction');\n});",
                  "err": {},
                  "uuid": "6d1a91a7-ecf5-4b81-a582-15182be0646d",
                  "parentUUID": "14f345c6-cb52-4848-b44c-7e9b8449536b",
                  "isHook": false,
                  "skipped": false
                },
                {
                  "title": "can throw any error",
                  "fullTitle": "Assertions Explicit Assertions can throw any error",
                  "timedOut": null,
                  "duration": 173,
                  "state": "passed",
                  "speed": "fast",
                  "pass": true,
                  "fail": false,
                  "pending": false,
                  "context": null,
                  "code": "cy.get('.docs-header')\n    .find('div')\n    .should(($div) => {\n    if ($div.length !== 1) {\n        // you can throw your own errors\n        throw new Error('Did not find 1 element');\n    }\n    const className = $div[0].className;\n    if (!className.match(/heading-/)) {\n        throw new Error(`Could not find class \"heading-\" in ${className}`);\n    }\n});",
                  "err": {},
                  "uuid": "41f7808b-654e-4a25-9046-72e90b67b148",
                  "parentUUID": "14f345c6-cb52-4848-b44c-7e9b8449536b",
                  "isHook": false,
                  "skipped": false
                },
                {
                  "title": "matches unknown text between two elements",
                  "fullTitle": "Assertions Explicit Assertions matches unknown text between two elements",
                  "timedOut": null,
                  "duration": 169,
                  "state": "passed",
                  "speed": "fast",
                  "pass": true,
                  "fail": false,
                  "pending": false,
                  "context": null,
                  "code": "/**\n * Text from the first element.\n * @type {string}\n*/\nlet text;\n/**\n * Normalizes passed text,\n * useful before comparing text with spaces and different capitalization.\n * @param {string} s Text to normalize\n*/\nconst normalizeText = (s) => s.replace(/\\s/g, '').toLowerCase();\ncy.get('.two-elements')\n    .find('.first')\n    .then(($first) => {\n    // save text from the first element\n    text = normalizeText($first.text());\n});\ncy.get('.two-elements')\n    .find('.second')\n    .should(($div) => {\n    // we can massage text before comparing\n    const secondText = normalizeText($div.text());\n    expect(secondText, 'second text').to.equal(text);\n});",
                  "err": {},
                  "uuid": "87c97d23-bd46-40fc-a12a-da5a544bf824",
                  "parentUUID": "14f345c6-cb52-4848-b44c-7e9b8449536b",
                  "isHook": false,
                  "skipped": false
                },
                {
                  "title": "assert - assert shape of an object",
                  "fullTitle": "Assertions Explicit Assertions assert - assert shape of an object",
                  "timedOut": null,
                  "duration": 162,
                  "state": "passed",
                  "speed": "fast",
                  "pass": true,
                  "fail": false,
                  "pending": false,
                  "context": null,
                  "code": "const person = {\n    name: 'Joe',\n    age: 20,\n};\nassert.isObject(person, 'value is object');",
                  "err": {},
                  "uuid": "dca17628-df7e-4766-9165-48d1f4b21317",
                  "parentUUID": "14f345c6-cb52-4848-b44c-7e9b8449536b",
                  "isHook": false,
                  "skipped": false
                },
                {
                  "title": "retries the should callback until assertions pass",
                  "fullTitle": "Assertions Explicit Assertions retries the should callback until assertions pass",
                  "timedOut": null,
                  "duration": 1668,
                  "state": "passed",
                  "speed": "fast",
                  "pass": true,
                  "fail": false,
                  "pending": false,
                  "context": null,
                  "code": "cy.get('#random-number')\n    .should(($div) => {\n    const n = parseFloat($div.text());\n    expect(n).to.be.gte(1).and.be.lte(10);\n});",
                  "err": {},
                  "uuid": "f4f10a72-295f-422d-a24a-ee9ff8981f97",
                  "parentUUID": "14f345c6-cb52-4848-b44c-7e9b8449536b",
                  "isHook": false,
                  "skipped": false
                }
              ],
              "suites": [],
              "passes": [
                "04aaaf83-aa54-4725-bfbd-75e3fc28f87b",
                "6adf4ac4-3d5b-4833-b191-60920c210756",
                "6d1a91a7-ecf5-4b81-a582-15182be0646d",
                "41f7808b-654e-4a25-9046-72e90b67b148",
                "87c97d23-bd46-40fc-a12a-da5a544bf824",
                "dca17628-df7e-4766-9165-48d1f4b21317",
                "f4f10a72-295f-422d-a24a-ee9ff8981f97"
              ],
              "failures": [],
              "pending": [],
              "skipped": [],
              "duration": 2690,
              "root": false,
              "rootEmpty": false,
              "_timeout": 2000
            }
          ],
          "passes": [],
          "failures": [],
          "pending": [],
          "skipped": [],
          "duration": 0,
          "root": false,
          "rootEmpty": false,
          "_timeout": 2000
        }
      ],
      "passes": [],
      "failures": [],
      "pending": [],
      "skipped": [],
      "duration": 0,
      "root": true,
      "rootEmpty": true,
      "_timeout": 2000
    }
  ],
  "meta": {
    "mocha": {
      "version": "7.0.1"
    },
    "mochawesome": {
      "options": {
        "quiet": false,
        "reportFilename": "mochawesome",
        "saveHtml": false,
        "saveJson": true,
        "consoleReporter": "spec",
        "useInlineDiffs": false,
        "code": true
      },
      "version": "7.1.3"
    },
    "marge": {
      "options": {
        "reportDir": "cypress/results",
        "overwrite": false,
        "html": false,
        "json": true
      },
      "version": "6.2.0"
    }
  }
}